<?xml version="1.0" encoding="UTF-8"?>
<robot generator="Robot 3.2.2 (Python 3.6.9 on linux)" generated="20210109 20:02:54.499" rpa="false">
<suite id="s1" name="Tests" source="/home/wabbajack/Development/robot_test/tests">
<suite id="s1-s1" name="Flowtests.Test" source="/home/wabbajack/Development/robot_test/tests/flowtests.test.robot">
<test id="s1-s1-t1" name="RegisterAndAddToCart">
<kw name="StartTest" library="hooks.pages.commons" type="setup">
<kw name="Open Browser" library="SeleniumLibrary">
<doc>Opens a new browser instance to the optional ``url``.</doc>
<arguments>
<arg>${BASE_URL}</arg>
<arg>${BROWSER}</arg>
</arguments>
<msg timestamp="20210109 20:02:54.701" level="INFO">Opening browser 'chrome' to base url 'https://demo.cs-cart.com/'.</msg>
<status status="PASS" starttime="20210109 20:02:54.700" endtime="20210109 20:03:15.752"></status>
</kw>
<kw name="Set Window Size" library="SeleniumLibrary">
<doc>Sets current windows size to given ``width`` and ``height``.</doc>
<arguments>
<arg>${BROWSER_WIDTH}</arg>
<arg>${BROWSER_HEIGHT}</arg>
</arguments>
<status status="PASS" starttime="20210109 20:03:15.753" endtime="20210109 20:03:15.861"></status>
</kw>
<kw name="Set Selenium Implicit Wait" library="SeleniumLibrary">
<doc>Sets the implicit wait value used by Selenium.</doc>
<arguments>
<arg>${TIME_TO_WAIT}</arg>
</arguments>
<status status="PASS" starttime="20210109 20:03:15.861" endtime="20210109 20:03:15.864"></status>
</kw>
<status status="PASS" starttime="20210109 20:02:54.700" endtime="20210109 20:03:15.864"></status>
</kw>
<kw name="WaitMyAccount" library="AddToCart.pages">
<kw name="Wait Until Element Is Visible" library="SeleniumLibrary">
<doc>Waits until the element ``locator`` is visible.</doc>
<arguments>
<arg>${MyAccountButton}</arg>
<arg>timeout=${TIME_TO_WAIT}</arg>
</arguments>
<status status="PASS" starttime="20210109 20:03:15.866" endtime="20210109 20:03:15.977"></status>
</kw>
<status status="PASS" starttime="20210109 20:03:15.865" endtime="20210109 20:03:15.977"></status>
</kw>
<kw name="ClickMyAccount" library="AddToCart.pages">
<kw name="Click Element" library="SeleniumLibrary">
<doc>Click the element identified by ``locator``.</doc>
<arguments>
<arg>${MyAccountButton}</arg>
</arguments>
<msg timestamp="20210109 20:03:15.978" level="INFO">Clicking element 'class:ty-account-info__title'.</msg>
<status status="PASS" starttime="20210109 20:03:15.978" endtime="20210109 20:03:16.155"></status>
</kw>
<status status="PASS" starttime="20210109 20:03:15.977" endtime="20210109 20:03:16.155"></status>
</kw>
<kw name="ClickRegister" library="AddToCart.pages">
<kw name="Click Element" library="SeleniumLibrary">
<doc>Click the element identified by ``locator``.</doc>
<arguments>
<arg>${RegisterButton}</arg>
</arguments>
<msg timestamp="20210109 20:03:16.157" level="INFO">Clicking element 'xpath:/html/body/div[2]/div[4]/div[1]/div/div/div[3]/div/div[2]/div/div[2]/a[2]'.</msg>
<status status="PASS" starttime="20210109 20:03:16.157" endtime="20210109 20:03:22.159"></status>
</kw>
<status status="PASS" starttime="20210109 20:03:16.156" endtime="20210109 20:03:22.159"></status>
</kw>
<kw name="InputFirstName" library="AddToCart.pages">
<kw name="Input Text" library="SeleniumLibrary">
<doc>Types the given ``text`` into the text field identified by ``locator``.</doc>
<arguments>
<arg>${FirstNameForm}</arg>
<arg>text=Fulano</arg>
</arguments>
<msg timestamp="20210109 20:03:22.160" level="INFO">Typing text 'Fulano' into text field 'id:elm_6'.</msg>
<status status="PASS" starttime="20210109 20:03:22.160" endtime="20210109 20:03:22.299"></status>
</kw>
<status status="PASS" starttime="20210109 20:03:22.159" endtime="20210109 20:03:22.299"></status>
</kw>
<kw name="InputLastName" library="AddToCart.pages">
<kw name="Input Text" library="SeleniumLibrary">
<doc>Types the given ``text`` into the text field identified by ``locator``.</doc>
<arguments>
<arg>${LastNameForm}</arg>
<arg>text=Silva</arg>
</arguments>
<msg timestamp="20210109 20:03:22.301" level="INFO">Typing text 'Silva' into text field 'id:elm_7'.</msg>
<status status="PASS" starttime="20210109 20:03:22.301" endtime="20210109 20:03:22.449"></status>
</kw>
<status status="PASS" starttime="20210109 20:03:22.300" endtime="20210109 20:03:22.450"></status>
</kw>
<kw name="InputPhone" library="AddToCart.pages">
<kw name="Input Text" library="SeleniumLibrary">
<doc>Types the given ``text`` into the text field identified by ``locator``.</doc>
<arguments>
<arg>${PhoneForm}</arg>
<arg>text=5555999533121</arg>
</arguments>
<msg timestamp="20210109 20:03:22.451" level="INFO">Typing text '5555999533121' into text field 'id:elm_9'.</msg>
<status status="PASS" starttime="20210109 20:03:22.450" endtime="20210109 20:03:23.025"></status>
</kw>
<status status="PASS" starttime="20210109 20:03:22.450" endtime="20210109 20:03:23.025"></status>
</kw>
<kw name="InputEmail" library="AddToCart.pages">
<kw name="Input Text" library="SeleniumLibrary">
<doc>Types the given ``text`` into the text field identified by ``locator``.</doc>
<arguments>
<arg>${EmailForm}</arg>
<arg>text=guilherme@gmail.com</arg>
</arguments>
<msg timestamp="20210109 20:03:23.028" level="INFO">Typing text 'guilherme@gmail.com' into text field 'id:email'.</msg>
<status status="PASS" starttime="20210109 20:03:23.026" endtime="20210109 20:03:23.227"></status>
</kw>
<status status="PASS" starttime="20210109 20:03:23.025" endtime="20210109 20:03:23.228"></status>
</kw>
<kw name="InputPassword" library="AddToCart.pages">
<kw name="Input Text" library="SeleniumLibrary">
<doc>Types the given ``text`` into the text field identified by ``locator``.</doc>
<arguments>
<arg>${PasswordForm}</arg>
<arg>text=abc1234?</arg>
</arguments>
<msg timestamp="20210109 20:03:23.229" level="INFO">Typing text 'abc1234?' into text field 'id:password1'.</msg>
<status status="PASS" starttime="20210109 20:03:23.228" endtime="20210109 20:03:23.361"></status>
</kw>
<status status="PASS" starttime="20210109 20:03:23.228" endtime="20210109 20:03:23.361"></status>
</kw>
<kw name="InputConfirmPassword" library="AddToCart.pages">
<kw name="Input Text" library="SeleniumLibrary">
<doc>Types the given ``text`` into the text field identified by ``locator``.</doc>
<arguments>
<arg>${ConfirmPasswordForm}</arg>
<arg>text=abc1234?</arg>
</arguments>
<msg timestamp="20210109 20:03:23.363" level="INFO">Typing text 'abc1234?' into text field 'id:password2'.</msg>
<status status="PASS" starttime="20210109 20:03:23.362" endtime="20210109 20:03:23.495"></status>
</kw>
<status status="PASS" starttime="20210109 20:03:23.362" endtime="20210109 20:03:23.495"></status>
</kw>
<kw name="InputBirthday" library="AddToCart.pages">
<kw name="Input Text" library="SeleniumLibrary">
<doc>Types the given ``text`` into the text field identified by ``locator``.</doc>
<arguments>
<arg>${BirthdayForm}</arg>
<arg>text=01/03/2002</arg>
</arguments>
<msg timestamp="20210109 20:03:23.496" level="INFO">Typing text '01/03/2002' into text field 'id:birthday'.</msg>
<status status="PASS" starttime="20210109 20:03:23.496" endtime="20210109 20:03:23.703"></status>
</kw>
<status status="PASS" starttime="20210109 20:03:23.496" endtime="20210109 20:03:23.703"></status>
</kw>
<kw name="CheckCaptcha" library="AddToCart.pages">
<kw name="Wait For Condition" library="SeleniumLibrary">
<doc>Waits until ``condition`` is true or ``timeout`` expires.</doc>
<arguments>
<arg>return document.getElementsByClassName("recaptcha-checkbox-border")[0] !== undefined</arg>
</arguments>
<kw name="Capture Page Screenshot" library="SeleniumLibrary">
<doc>Takes a screenshot of the current page and embeds it into a log file.</doc>
<msg timestamp="20210109 20:03:29.081" level="INFO" html="yes">&lt;/td&gt;&lt;/tr&gt;&lt;tr&gt;&lt;td colspan="3"&gt;&lt;a href="selenium-screenshot-9.png"&gt;&lt;img src="selenium-screenshot-9.png" width="800px"&gt;&lt;/a&gt;</msg>
<status status="PASS" starttime="20210109 20:03:28.850" endtime="20210109 20:03:29.081"></status>
</kw>
<msg timestamp="20210109 20:03:29.083" level="FAIL">Condition 'return document.getElementsByClassName("recaptcha-checkbox-border")[0] !== undefined' did not become true in 5 seconds.</msg>
<status status="FAIL" starttime="20210109 20:03:23.707" endtime="20210109 20:03:29.083"></status>
</kw>
<status status="FAIL" starttime="20210109 20:03:23.705" endtime="20210109 20:03:29.084"></status>
</kw>
<kw name="FinishTest" library="hooks.pages.commons" type="teardown">
<kw name="Close Browser" library="SeleniumLibrary">
<doc>Closes the current browser.</doc>
<status status="PASS" starttime="20210109 20:03:29.085" endtime="20210109 20:03:29.152"></status>
</kw>
<status status="PASS" starttime="20210109 20:03:29.084" endtime="20210109 20:03:29.152"></status>
</kw>
<status status="FAIL" starttime="20210109 20:02:54.698" endtime="20210109 20:03:29.152" critical="yes">Condition 'return document.getElementsByClassName("recaptcha-checkbox-border")[0] !== undefined' did not become true in 5 seconds.</status>
</test>
<status status="FAIL" starttime="20210109 20:02:54.530" endtime="20210109 20:03:29.154"></status>
</suite>
<status status="FAIL" starttime="20210109 20:02:54.501" endtime="20210109 20:03:29.156"></status>
</suite>
<statistics>
<total>
<stat pass="0" fail="1">Critical Tests</stat>
<stat pass="0" fail="1">All Tests</stat>
</total>
<tag>
</tag>
<suite>
<stat pass="0" fail="1" id="s1" name="Tests">Tests</stat>
<stat pass="0" fail="1" id="s1-s1" name="Flowtests.Test">Tests.Flowtests.Test</stat>
</suite>
</statistics>
<errors>
</errors>
</robot>
